nohup: ignoring input

  .   ____          _            __ _ _
 /\\ / ___'_ __ _ _(_)_ __  __ _ \ \ \ \
( ( )\___ | '_ | '_| | '_ \/ _` | \ \ \ \
 \\/  ___)| |_)| | | | | || (_| |  ) ) ) )
  '  |____| .__|_| |_|_| |_\__, | / / / /
 =========|_|==============|___/=/_/_/_/

 :: Spring Boot ::                (v3.3.2)

2026-01-20T09:39:13.232Z  INFO 26901 --- [           main] com.shop.app.ShoppingApplication         : Starting ShoppingApplication v0.0.1-SNAPSHOT using Java 17.0.17 with PID 26901 (/home/ubuntu/java-shopping-app/target/java-shopping-app-0.0.1-SNAPSHOT.jar started by ubuntu in /home/ubuntu/java-shopping-app)
2026-01-20T09:39:13.242Z  INFO 26901 --- [           main] com.shop.app.ShoppingApplication         : No active profile set, falling back to 1 default profile: "default"
2026-01-20T09:39:15.472Z  INFO 26901 --- [           main] o.s.b.w.embedded.tomcat.TomcatWebServer  : Tomcat initialized with port 8081 (http)
2026-01-20T09:39:15.491Z  INFO 26901 --- [           main] o.apache.catalina.core.StandardService   : Starting service [Tomcat]
2026-01-20T09:39:15.492Z  INFO 26901 --- [           main] o.apache.catalina.core.StandardEngine    : Starting Servlet engine: [Apache Tomcat/10.1.26]
2026-01-20T09:39:15.561Z  INFO 26901 --- [           main] o.a.c.c.C.[Tomcat].[localhost].[/]       : Initializing Spring embedded WebApplicationContext
2026-01-20T09:39:15.564Z  INFO 26901 --- [           main] w.s.c.ServletWebServerApplicationContext : Root WebApplicationContext: initialization completed in 2136 ms
2026-01-20T09:39:15.774Z  INFO 26901 --- [           main] o.s.b.a.w.s.WelcomePageHandlerMapping    : Adding welcome page template: index
2026-01-20T09:39:16.345Z  INFO 26901 --- [           main] o.s.b.w.embedded.tomcat.TomcatWebServer  : Tomcat started on port 8081 (http) with context path '/'
2026-01-20T09:39:16.374Z  INFO 26901 --- [           main] com.shop.app.ShoppingApplication         : Started ShoppingApplication in 3.969 seconds (process running for 4.895)
2026-01-20T09:39:26.693Z  INFO 26901 --- [nio-8081-exec-1] o.a.c.c.C.[Tomcat].[localhost].[/]       : Initializing Spring DispatcherServlet 'dispatcherServlet'
2026-01-20T09:39:26.694Z  INFO 26901 --- [nio-8081-exec-1] o.s.web.servlet.DispatcherServlet        : Initializing Servlet 'dispatcherServlet'
2026-01-20T09:39:26.696Z  INFO 26901 --- [nio-8081-exec-1] o.s.web.servlet.DispatcherServlet        : Completed initialization in 1 ms
